app/build/intermediates/manifest_merge_blame_file/release/manifest-merger-blame-release-report.txt
1<?xml version="1.0" encoding="utf-8"?>
2<manifest xmlns:android="http://schemas.android.com/apk/res/android"
3    package="cn.axsp.axys"
4    android:versionCode="220"
5    android:versionName="6.5.0" >
6
7    <uses-sdk
8        android:minSdkVersion="26"
8-->src\main\AndroidManifest.xml
9        android:targetSdkVersion="26" />
9-->[:m3u8library] AndroidManifest.xml:9:9-38
10
11    <uses-permission android:name="android.permission.BLUETOOTH" />
11-->src\main\AndroidManifest.xml:6:5-68
11-->src\main\AndroidManifest.xml:6:22-65
12    <uses-permission android:name="android.permission.RESTART_PACKAGES" />
12-->src\main\AndroidManifest.xml:7:5-75
12-->src\main\AndroidManifest.xml:7:22-72
13    <uses-permission android:name="android.permission.CAMERA" />
13-->src\main\AndroidManifest.xml:8:5-65
13-->src\main\AndroidManifest.xml:8:22-62
14    <uses-permission android:name="android.permission.READ_EXTERNAL_STORAGE" />
14-->src\main\AndroidManifest.xml:9:5-80
14-->src\main\AndroidManifest.xml:9:22-77
15    <uses-permission android:name="android.permission.SYSTEM_OVERLAY_WINDOW" />
15-->src\main\AndroidManifest.xml:10:5-80
15-->src\main\AndroidManifest.xml:10:22-77
16    <uses-permission android:name="android.permission.MOUNT_UNMOUNT_FILESYSTEMS" />
16-->src\main\AndroidManifest.xml:11:5-120
16-->src\main\AndroidManifest.xml:11:22-81
17    <!-- 必要权限 -->
18    <uses-permission android:name="android.permission.INTERNET" />
18-->src\main\AndroidManifest.xml:13:5-67
18-->src\main\AndroidManifest.xml:13:22-64
19    <!-- 必要权限，解决安全风险漏洞，发送和注册广播事件需要调用带有传递权限的接口 -->
20    <permission
21        android:name="cn.axsp.axys.openadsdk.permission.TT_PANGOLIN"
21-->src\main\AndroidManifest.xml:16:9-73
22        android:protectionLevel="signature" />
22-->src\main\AndroidManifest.xml:17:9-44
23
24    <uses-permission android:name="cn.axsp.axys.openadsdk.permission.TT_PANGOLIN" />
24-->src\main\AndroidManifest.xml:18:22-86
25    <!-- 可选权限 -->
26    <uses-permission android:name="android.permission.READ_PHONE_STATE" />
26-->src\main\AndroidManifest.xml:20:5-75
26-->src\main\AndroidManifest.xml:20:22-72
27    <uses-permission android:name="android.permission.ACCESS_NETWORK_STATE" />
27-->src\main\AndroidManifest.xml:21:5-79
27-->src\main\AndroidManifest.xml:21:22-76
28    <uses-permission android:name="android.permission.WRITE_EXTERNAL_STORAGE" />
28-->src\main\AndroidManifest.xml:22:5-81
28-->src\main\AndroidManifest.xml:22:22-78
29    <uses-permission android:name="android.permission.ACCESS_WIFI_STATE" />
29-->src\main\AndroidManifest.xml:23:5-76
29-->src\main\AndroidManifest.xml:23:22-73
30    <uses-permission android:name="android.permission.ACCESS_COARSE_LOCATION" />
30-->src\main\AndroidManifest.xml:24:5-81
30-->src\main\AndroidManifest.xml:24:22-78
31    <uses-permission android:name="android.permission.REQUEST_INSTALL_PACKAGES" />
31-->src\main\AndroidManifest.xml:25:5-83
31-->src\main\AndroidManifest.xml:25:22-80
32    <!-- 加入新权限 2022-04-19 -->
33    <uses-permission android:name="android.permission.WRITE_INTERNAL_STORAGE" />
33-->src\main\AndroidManifest.xml:27:5-81
33-->src\main\AndroidManifest.xml:27:22-78
34    <uses-permission android:name="android.permission.READ_INTERNAL_STORAGE" />
34-->src\main\AndroidManifest.xml:28:5-80
34-->src\main\AndroidManifest.xml:28:22-77
35    <uses-permission android:name="android.permission.GET_TASKS" />
35-->src\main\AndroidManifest.xml:29:5-68
35-->src\main\AndroidManifest.xml:29:22-65
36    <!-- 请注意：无论通过何种方式提供给穿山甲用户地理位置，均需向用户声明地理位置权限将应用于穿山甲广告投放，穿山甲不强制获取地理位置信息 -->
37    <uses-permission android:name="android.permission.ACCESS_FINE_LOCATION" />
37-->src\main\AndroidManifest.xml:31:5-79
37-->src\main\AndroidManifest.xml:31:22-76
38    <!-- 如果视频广告使用textureView播放，请务必添加，否则黑屏 -->
39    <uses-permission android:name="android.permission.WAKE_LOCK" />
39-->src\main\AndroidManifest.xml:33:5-68
39-->src\main\AndroidManifest.xml:33:22-65
40    <!-- demo场景用到的权限，不是必须的 -->
41    <uses-permission android:name="android.permission.RECEIVE_USER_PRESENT" />
41-->src\main\AndroidManifest.xml:35:5-79
41-->src\main\AndroidManifest.xml:35:22-76
42    <uses-permission android:name="android.permission.SYSTEM_ALERT_WINDOW" />
42-->src\main\AndroidManifest.xml:36:5-78
42-->src\main\AndroidManifest.xml:36:22-75
43    <uses-permission android:name="android.permission.EXPAND_STATUS_BAR" />
43-->src\main\AndroidManifest.xml:37:5-76
43-->src\main\AndroidManifest.xml:37:22-73
44    <!-- demo场景用到的权限，不是必须的 -->
45    <uses-permission android:name="android.permission.QUERY_ALL_PACKAGES" />
45-->src\main\AndroidManifest.xml:39:5-77
45-->src\main\AndroidManifest.xml:39:22-74
46    <uses-permission android:name="android.permission.DELETE_CACHE_FILES" />
46-->src\main\AndroidManifest.xml:40:5-42:47
46-->src\main\AndroidManifest.xml:41:9-61
47
48    <!-- Don't require camera, as this requires a rear camera. This allows it to work on the Nexus 7 -->
49    <uses-feature
49-->[com.journeyapps:zxing-android-embedded:3.6.0] AndroidManifest.xml:25:5-27:36
50        android:name="android.hardware.camera"
50-->[com.journeyapps:zxing-android-embedded:3.6.0] AndroidManifest.xml:26:9-47
51        android:required="false" />
51-->[com.journeyapps:zxing-android-embedded:3.6.0] AndroidManifest.xml:27:9-33
52    <uses-feature
52-->[com.journeyapps:zxing-android-embedded:3.6.0] AndroidManifest.xml:28:5-30:36
53        android:name="android.hardware.camera.front"
53-->[com.journeyapps:zxing-android-embedded:3.6.0] AndroidManifest.xml:29:9-53
54        android:required="false" /> <!-- TODO replace above two with next line after Android 4.2 -->
54-->[com.journeyapps:zxing-android-embedded:3.6.0] AndroidManifest.xml:30:9-33
55    <!-- <uses-feature android:name="android.hardware.camera.any"/> -->
56    <uses-feature
56-->[com.journeyapps:zxing-android-embedded:3.6.0] AndroidManifest.xml:33:5-35:36
57        android:name="android.hardware.camera.autofocus"
57-->[com.journeyapps:zxing-android-embedded:3.6.0] AndroidManifest.xml:34:9-57
58        android:required="false" />
58-->[com.journeyapps:zxing-android-embedded:3.6.0] AndroidManifest.xml:35:9-33
59    <uses-feature
59-->[com.journeyapps:zxing-android-embedded:3.6.0] AndroidManifest.xml:36:5-38:36
60        android:name="android.hardware.camera.flash"
60-->[com.journeyapps:zxing-android-embedded:3.6.0] AndroidManifest.xml:37:9-53
61        android:required="false" />
61-->[com.journeyapps:zxing-android-embedded:3.6.0] AndroidManifest.xml:38:9-33
62    <uses-feature
62-->[com.journeyapps:zxing-android-embedded:3.6.0] AndroidManifest.xml:39:5-41:36
63        android:name="android.hardware.screen.landscape"
63-->[com.journeyapps:zxing-android-embedded:3.6.0] AndroidManifest.xml:40:9-57
64        android:required="false" />
64-->[com.journeyapps:zxing-android-embedded:3.6.0] AndroidManifest.xml:41:9-33
65    <uses-feature
65-->[com.journeyapps:zxing-android-embedded:3.6.0] AndroidManifest.xml:42:5-44:36
66        android:name="android.hardware.wifi"
66-->[com.journeyapps:zxing-android-embedded:3.6.0] AndroidManifest.xml:43:9-45
67        android:required="false" />
67-->[com.journeyapps:zxing-android-embedded:3.6.0] AndroidManifest.xml:44:9-33
68
69    <uses-permission android:name="android.permission.CHANGE_WIFI_MULTICAST_STATE" /> <!-- <uses-permission android:name="android.permission.READ_PRIVILEGED_PHONE_STATE" /> -->
69-->[:core] AndroidManifest.xml:11:5-86
69-->[:core] AndroidManifest.xml:11:22-83
70    <uses-permission android:name="android.permission.READ_SETTINGS" />
70-->[:ssp_ad_content_sdk_v4.5.0:] AndroidManifest.xml:17:5-72
70-->[:ssp_ad_content_sdk_v4.5.0:] AndroidManifest.xml:17:22-69
71    <uses-permission android:name="android.permission.BROADCAST_PACKAGE_ADDED" />
71-->[:ssp_ad_content_sdk_v4.5.0:] AndroidManifest.xml:23:5-82
71-->[:ssp_ad_content_sdk_v4.5.0:] AndroidManifest.xml:23:22-79
72    <uses-permission android:name="android.permission.BROADCAST_PACKAGE_CHANGED" />
72-->[:ssp_ad_content_sdk_v4.5.0:] AndroidManifest.xml:24:5-84
72-->[:ssp_ad_content_sdk_v4.5.0:] AndroidManifest.xml:24:22-81
73    <uses-permission android:name="android.permission.BROADCAST_PACKAGE_INSTALL" />
73-->[:ssp_ad_content_sdk_v4.5.0:] AndroidManifest.xml:25:5-84
73-->[:ssp_ad_content_sdk_v4.5.0:] AndroidManifest.xml:25:22-81
74    <uses-permission android:name="android.permission.BROADCAST_PACKAGE_REPLACED" />
74-->[:ssp_ad_content_sdk_v4.5.0:] AndroidManifest.xml:26:5-85
74-->[:ssp_ad_content_sdk_v4.5.0:] AndroidManifest.xml:26:22-82
75    <uses-permission android:name="android.permission.ACCESS_BACKGROUND_LOCATION" />
75-->[:ssp_ad_content_sdk_v4.5.0:] AndroidManifest.xml:30:5-85
75-->[:ssp_ad_content_sdk_v4.5.0:] AndroidManifest.xml:30:22-82
76    <uses-permission android:name="android.permission.DOWNLOAD_WITHOUT_NOTIFICATION" />
76-->[:ssp_ad_content_sdk_v4.5.0:] AndroidManifest.xml:34:5-88
76-->[:ssp_ad_content_sdk_v4.5.0:] AndroidManifest.xml:34:22-85
77    <uses-permission android:name="android.permission.GET_PACKAGE_SIZE" />
77-->[:ssp_ad_content_sdk_v4.5.0:] AndroidManifest.xml:36:5-75
77-->[:ssp_ad_content_sdk_v4.5.0:] AndroidManifest.xml:36:22-72
78    <uses-permission android:name="com.asus.msa.SupplementaryDID.ACCESS" />
78-->[:ssp_ad_content_sdk_v4.5.0:] AndroidManifest.xml:37:5-76
78-->[:ssp_ad_content_sdk_v4.5.0:] AndroidManifest.xml:37:22-73
79    <uses-permission android:name="freemme.permission.msa" />
79-->[:ssp_ad_content_sdk_v4.5.0:] AndroidManifest.xml:38:5-62
79-->[:ssp_ad_content_sdk_v4.5.0:] AndroidManifest.xml:38:22-59
80
81    <permission
81-->[:ssp_ad_content_sdk_v4.5.0:] AndroidManifest.xml:46:5-48:47
82        android:name="cn.axsp.axys.permission.KW_SDK_BROADCAST"
82-->[:ssp_ad_content_sdk_v4.5.0:] AndroidManifest.xml:47:9-68
83        android:protectionLevel="signature" />
83-->[:ssp_ad_content_sdk_v4.5.0:] AndroidManifest.xml:48:9-44
84
85    <uses-permission android:name="cn.axsp.axys.permission.KW_SDK_BROADCAST" />
85-->[:ssp_ad_content_sdk_v4.5.0:] AndroidManifest.xml:50:5-84
85-->[:ssp_ad_content_sdk_v4.5.0:] AndroidManifest.xml:50:22-81
86
87    <queries>
87-->[:ssp_ad_content_sdk_v4.5.0:] AndroidManifest.xml:52:5-60:15
88        <intent>
88-->[:ssp_ad_content_sdk_v4.5.0:] AndroidManifest.xml:53:9-59:18
89            <action android:name="android.intent.action.VIEW" />
89-->src\main\AndroidManifest.xml:240:17-69
89-->src\main\AndroidManifest.xml:240:25-66
90
91            <category android:name="android.intent.category.BROWSABLE" />
91-->[:ssp_ad_content_sdk_v4.5.0:] AndroidManifest.xml:56:13-74
91-->[:ssp_ad_content_sdk_v4.5.0:] AndroidManifest.xml:56:23-71
92
93            <data android:scheme="https" />
93-->[:ssp_ad_content_sdk_v4.5.0:] AndroidManifest.xml:58:13-44
93-->[:ssp_ad_content_sdk_v4.5.0:] AndroidManifest.xml:58:19-41
94        </intent>
95    </queries>
96
97    <uses-permission android:name="android.permission.CHANGE_NETWORK_STATE" />
97-->[:ssp_ad_content_sdk_v4.5.0:] AndroidManifest.xml:62:5-79
97-->[:ssp_ad_content_sdk_v4.5.0:] AndroidManifest.xml:62:22-76
98    <uses-permission android:name="android.permission.REORDER_TASKS" />
98-->[:ssp_ad_content_sdk_v4.5.0:] AndroidManifest.xml:63:5-72
98-->[:ssp_ad_content_sdk_v4.5.0:] AndroidManifest.xml:63:22-69
99    <uses-permission android:name="android.permission.VIBRATE" /> <!-- 动态壁纸权限 -->
99-->[:ssp_ad_content_sdk_v4.5.0:] AndroidManifest.xml:64:5-66
99-->[:ssp_ad_content_sdk_v4.5.0:] AndroidManifest.xml:64:22-63
100    <uses-permission android:name="android.permission.SET_WALLPAPER" />
100-->[:ssp_ad_content_sdk_v4.5.0:] AndroidManifest.xml:65:5-72
100-->[:ssp_ad_content_sdk_v4.5.0:] AndroidManifest.xml:65:22-69
101
102    <application
102-->src\main\AndroidManifest.xml:43:5-279:19
103        android:name="cn.lvdou.vod.App"
103-->src\main\AndroidManifest.xml:44:9-28
104        android:allowBackup="false"
104-->src\main\AndroidManifest.xml:45:9-36
105        android:appComponentFactory="androidx.core.app.CoreComponentFactory"
105-->[androidx.core:core:1.3.2] AndroidManifest.xml:24:18-86
106        android:extractNativeLibs="false"
107        android:hardwareAccelerated="true"
107-->src\main\AndroidManifest.xml:46:9-43
108        android:icon="@mipmap/ic_launcher"
108-->src\main\AndroidManifest.xml:47:9-43
109        android:label="@string/app_name"
109-->src\main\AndroidManifest.xml:48:9-41
110        android:largeHeap="true"
110-->src\main\AndroidManifest.xml:49:9-33
111        android:resizeableActivity="true"
111-->src\main\AndroidManifest.xml:50:9-42
112        android:supportsRtl="true"
112-->src\main\AndroidManifest.xml:51:9-35
113        android:theme="@style/AppTheme"
113-->src\main\AndroidManifest.xml:52:9-40
114        android:usesCleartextTraffic="true" >
114-->src\main\AndroidManifest.xml:53:9-44
115        <provider
116            android:name="com.bytedance.sdk.openadsdk.TTFileProvider"
116-->src\main\AndroidManifest.xml:58:13-70
117            android:authorities="cn.axsp.axys.TTFileProvider"
117-->src\main\AndroidManifest.xml:59:13-66
118            android:exported="false"
118-->src\main\AndroidManifest.xml:60:13-37
119            android:grantUriPermissions="true" >
119-->src\main\AndroidManifest.xml:61:13-47
120            <meta-data
120-->src\main\AndroidManifest.xml:62:13-64:54
121                android:name="android.support.FILE_PROVIDER_PATHS"
121-->src\main\AndroidManifest.xml:63:17-67
122                android:resource="@xml/file_paths" />
122-->src\main\AndroidManifest.xml:64:17-51
123        </provider>
124        <provider
125            android:name="com.bytedance.sdk.openadsdk.multipro.TTMultiProvider"
125-->src\main\AndroidManifest.xml:68:13-80
126            android:authorities="cn.axsp.axys.TTMultiProvider"
126-->src\main\AndroidManifest.xml:69:13-67
127            android:exported="false" />
127-->src\main\AndroidManifest.xml:70:13-37
128
129        <activity android:name="cn.lvdou.vod.ui.task.MainActivity33" />
129-->src\main\AndroidManifest.xml:72:9-60
129-->src\main\AndroidManifest.xml:72:19-57
130        <activity
130-->src\main\AndroidManifest.xml:73:9-76:55
131            android:name="cn.lvdou.vod.ui.browser.BrowserActivity"
131-->src\main\AndroidManifest.xml:74:13-55
132            android:launchMode="singleTop"
132-->src\main\AndroidManifest.xml:75:13-43
133            android:screenOrientation="unspecified" />
133-->src\main\AndroidManifest.xml:76:13-52
134        <activity
134-->src\main\AndroidManifest.xml:77:9-80:55
135            android:name="cn.lvdou.vod.ui.collection.CollectionActivity"
135-->src\main\AndroidManifest.xml:78:13-61
136            android:launchMode="singleTop"
136-->src\main\AndroidManifest.xml:79:13-43
137            android:screenOrientation="unspecified" />
137-->src\main\AndroidManifest.xml:80:13-52
138        <activity
138-->src\main\AndroidManifest.xml:81:9-84:55
139            android:name="cn.lvdou.vod.ui.feedback.FeedbackActivity"
139-->src\main\AndroidManifest.xml:82:13-57
140            android:launchMode="singleTop"
140-->src\main\AndroidManifest.xml:83:13-43
141            android:screenOrientation="unspecified" />
141-->src\main\AndroidManifest.xml:84:13-52
142        <activity
142-->src\main\AndroidManifest.xml:85:9-88:55
143            android:name="cn.lvdou.vod.ui.down.AllDownloadActivity"
143-->src\main\AndroidManifest.xml:86:13-56
144            android:launchMode="singleTop"
144-->src\main\AndroidManifest.xml:87:13-43
145            android:screenOrientation="unspecified" />
145-->src\main\AndroidManifest.xml:88:13-52
146        <activity
146-->src\main\AndroidManifest.xml:89:9-92:55
147            android:name="cn.lvdou.vod.ui.withdraw.GoldWithdrawActivity"
147-->src\main\AndroidManifest.xml:90:13-61
148            android:launchMode="singleTop"
148-->src\main\AndroidManifest.xml:91:13-43
149            android:screenOrientation="unspecified" />
149-->src\main\AndroidManifest.xml:92:13-52
150        <activity
150-->src\main\AndroidManifest.xml:93:9-96:55
151            android:name="cn.lvdou.vod.ui.share.ShareActivity"
151-->src\main\AndroidManifest.xml:94:13-51
152            android:launchMode="singleTop"
152-->src\main\AndroidManifest.xml:95:13-43
153            android:screenOrientation="unspecified" />
153-->src\main\AndroidManifest.xml:96:13-52
154        <activity android:name="cn.lvdou.vod.ui.account.ChangeNicknameActivity" />
154-->src\main\AndroidManifest.xml:97:9-71
154-->src\main\AndroidManifest.xml:97:19-68
155        <activity
155-->src\main\AndroidManifest.xml:98:9-101:55
156            android:name="cn.lvdou.vod.ui.account.AccountSettingActivity"
156-->src\main\AndroidManifest.xml:99:13-62
157            android:launchMode="singleTop"
157-->src\main\AndroidManifest.xml:100:13-43
158            android:screenOrientation="unspecified" />
158-->src\main\AndroidManifest.xml:101:13-52
159        <activity
159-->src\main\AndroidManifest.xml:102:9-105:55
160            android:name="cn.lvdou.vod.ui.pay.PayActivity"
160-->src\main\AndroidManifest.xml:103:13-47
161            android:launchMode="singleTop"
161-->src\main\AndroidManifest.xml:104:13-43
162            android:screenOrientation="unspecified" />
162-->src\main\AndroidManifest.xml:105:13-52
163        <activity
163-->src\main\AndroidManifest.xml:106:9-109:55
164            android:name="cn.lvdou.vod.ui.home.HomeFristMoreActivity"
164-->src\main\AndroidManifest.xml:107:13-58
165            android:launchMode="singleTop"
165-->src\main\AndroidManifest.xml:108:13-43
166            android:screenOrientation="unspecified" />
166-->src\main\AndroidManifest.xml:109:13-52
167        <activity
167-->src\main\AndroidManifest.xml:110:9-115:59
168            android:name="cn.lvdou.vod.ui.score.PlayScoreActivity"
168-->src\main\AndroidManifest.xml:111:13-55
169            android:label="@string/title_activity_play_score"
169-->src\main\AndroidManifest.xml:112:13-62
170            android:launchMode="singleTop"
170-->src\main\AndroidManifest.xml:113:13-43
171            android:screenOrientation="unspecified"
171-->src\main\AndroidManifest.xml:114:13-52
172            android:theme="@style/AppTheme.NoActionBar" />
172-->src\main\AndroidManifest.xml:115:13-56
173        <activity
173-->src\main\AndroidManifest.xml:116:9-119:55
174            android:name="cn.lvdou.vod.ui.filtrate.FiltrateActivity"
174-->src\main\AndroidManifest.xml:117:13-57
175            android:launchMode="singleTop"
175-->src\main\AndroidManifest.xml:118:13-43
176            android:screenOrientation="unspecified" />
176-->src\main\AndroidManifest.xml:119:13-52
177
178        <!-- <activity -->
179        <!-- android:name=".ui.login.AgreementActivity" -->
180        <!-- android:launchMode="singleTop" -->
181        <!-- android:screenOrientation="unspecified" /> -->
182        <activity
182-->src\main\AndroidManifest.xml:125:9-129:59
183            android:name="cn.lvdou.vod.ui.seek.SeekActivity"
183-->src\main\AndroidManifest.xml:126:13-49
184            android:launchMode="singleTop"
184-->src\main\AndroidManifest.xml:127:13-43
185            android:screenOrientation="unspecified"
185-->src\main\AndroidManifest.xml:128:13-52
186            android:windowSoftInputMode="adjustNothing" />
186-->src\main\AndroidManifest.xml:129:13-56
187        <activity
187-->src\main\AndroidManifest.xml:130:9-134:47
188            android:name="cn.lvdou.vod.ui.screen.ScreenActivity2"
188-->src\main\AndroidManifest.xml:131:13-54
189            android:launchMode="singleTop"
189-->src\main\AndroidManifest.xml:132:13-43
190            android:screenOrientation="unspecified"
190-->src\main\AndroidManifest.xml:133:13-52
191            android:theme="@style/AppTheme" />
191-->src\main\AndroidManifest.xml:134:13-44
192        <activity
192-->src\main\AndroidManifest.xml:135:9-139:47
193            android:name="cn.lvdou.vod.ui.screen.ScreenActivity3"
193-->src\main\AndroidManifest.xml:136:13-54
194            android:launchMode="singleTop"
194-->src\main\AndroidManifest.xml:137:13-43
195            android:screenOrientation="unspecified"
195-->src\main\AndroidManifest.xml:138:13-52
196            android:theme="@style/AppTheme" />
196-->src\main\AndroidManifest.xml:139:13-44
197        <activity
197-->src\main\AndroidManifest.xml:140:9-143:55
198            android:name="cn.lvdou.vod.ui.login.LoginActivity"
198-->src\main\AndroidManifest.xml:141:13-51
199            android:launchMode="singleTop"
199-->src\main\AndroidManifest.xml:142:13-43
200            android:screenOrientation="unspecified" />
200-->src\main\AndroidManifest.xml:143:13-52
201        <activity
201-->src\main\AndroidManifest.xml:144:9-147:55
202            android:name="cn.lvdou.vod.ui.login.ForgetPswActivity"
202-->src\main\AndroidManifest.xml:145:13-55
203            android:launchMode="singleTop"
203-->src\main\AndroidManifest.xml:146:13-43
204            android:screenOrientation="unspecified" />
204-->src\main\AndroidManifest.xml:147:13-52
205        <activity
205-->src\main\AndroidManifest.xml:148:9-151:55
206            android:name="cn.lvdou.vod.ui.task.TaskActivity"
206-->src\main\AndroidManifest.xml:149:13-49
207            android:launchMode="singleTop"
207-->src\main\AndroidManifest.xml:150:13-43
208            android:screenOrientation="unspecified" />
208-->src\main\AndroidManifest.xml:151:13-52
209        <activity
209-->src\main\AndroidManifest.xml:152:9-155:55
210            android:name="cn.lvdou.vod.ui.task.TaskActivity2"
210-->src\main\AndroidManifest.xml:153:13-50
211            android:launchMode="singleTop"
211-->src\main\AndroidManifest.xml:154:13-43
212            android:screenOrientation="unspecified" />
212-->src\main\AndroidManifest.xml:155:13-52
213        <activity
213-->src\main\AndroidManifest.xml:156:9-159:55
214            android:name="cn.lvdou.vod.ui.notice.MessageCenterActivity"
214-->src\main\AndroidManifest.xml:157:13-60
215            android:launchMode="singleTop"
215-->src\main\AndroidManifest.xml:158:13-43
216            android:screenOrientation="unspecified" />
216-->src\main\AndroidManifest.xml:159:13-52
217        <activity
217-->src\main\AndroidManifest.xml:160:9-163:55
218            android:name="cn.lvdou.vod.ui.notice.MessageDetailActivity"
218-->src\main\AndroidManifest.xml:161:13-60
219            android:launchMode="singleTop"
219-->src\main\AndroidManifest.xml:162:13-43
220            android:screenOrientation="unspecified" />
220-->src\main\AndroidManifest.xml:163:13-52
221        <activity
221-->src\main\AndroidManifest.xml:164:9-167:55
222            android:name="cn.lvdou.vod.ui.expand.MyExpandActivity"
222-->src\main\AndroidManifest.xml:165:13-55
223            android:launchMode="singleTop"
223-->src\main\AndroidManifest.xml:166:13-43
224            android:screenOrientation="unspecified" />
224-->src\main\AndroidManifest.xml:167:13-52
225        <activity
225-->src\main\AndroidManifest.xml:168:9-171:55
226            android:name="cn.lvdou.vod.ui.expand.ExpandCenterActivity"
226-->src\main\AndroidManifest.xml:169:13-59
227            android:launchMode="singleTop"
227-->src\main\AndroidManifest.xml:170:13-43
228            android:screenOrientation="unspecified" />
228-->src\main\AndroidManifest.xml:171:13-52
229        <activity
229-->src\main\AndroidManifest.xml:172:9-176:55
230            android:name="cn.lvdou.vod.ui.play.PlayActivity"
230-->src\main\AndroidManifest.xml:173:13-49
231            android:configChanges="orientation|screenSize|keyboardHidden|screenLayout|smallestScreenSize"
231-->src\main\AndroidManifest.xml:174:13-106
232            android:launchMode="standard"
232-->src\main\AndroidManifest.xml:175:13-42
233            android:screenOrientation="unspecified" />
233-->src\main\AndroidManifest.xml:176:13-52
234        <activity
234-->src\main\AndroidManifest.xml:177:9-181:55
235            android:name="cn.lvdou.vod.ui.play.NewPlayActivity"
235-->src\main\AndroidManifest.xml:178:13-52
236            android:configChanges="orientation|screenSize|keyboardHidden|screenLayout|smallestScreenSize"
236-->src\main\AndroidManifest.xml:179:13-106
237            android:screenOrientation="unspecified" />
237-->src\main\AndroidManifest.xml:181:13-52
238        <!-- android:launchMode="singleTask" -->
239        <activity
239-->src\main\AndroidManifest.xml:183:9-187:55
240            android:name="cn.lvdou.vod.ui.play.StorePlayActivity"
240-->src\main\AndroidManifest.xml:184:13-54
241            android:configChanges="orientation|screenSize|keyboardHidden|screenLayout|smallestScreenSize"
241-->src\main\AndroidManifest.xml:185:13-106
242            android:launchMode="singleTop"
242-->src\main\AndroidManifest.xml:186:13-43
243            android:screenOrientation="unspecified" />
243-->src\main\AndroidManifest.xml:187:13-52
244        <activity
244-->src\main\AndroidManifest.xml:188:9-192:55
245            android:name="cn.lvdou.vod.ui.play.CastScreenActivity"
245-->src\main\AndroidManifest.xml:189:13-55
246            android:configChanges="orientation|screenSize|keyboardHidden|screenLayout|smallestScreenSize"
246-->src\main\AndroidManifest.xml:190:13-106
247            android:launchMode="singleTop"
247-->src\main\AndroidManifest.xml:191:13-43
248            android:screenOrientation="unspecified" />
248-->src\main\AndroidManifest.xml:192:13-52
249        <activity
249-->src\main\AndroidManifest.xml:193:9-197:55
250            android:name="cn.lvdou.vod.ui.play.CastScreenActivity2"
250-->src\main\AndroidManifest.xml:194:13-56
251            android:configChanges="orientation|screenSize|keyboardHidden|screenLayout|smallestScreenSize"
251-->src\main\AndroidManifest.xml:195:13-106
252            android:launchMode="singleTop"
252-->src\main\AndroidManifest.xml:196:13-43
253            android:screenOrientation="unspecified" />
253-->src\main\AndroidManifest.xml:197:13-52
254        <activity
254-->src\main\AndroidManifest.xml:198:9-201:47
255            android:name="cn.lvdou.vod.MainActivity"
255-->src\main\AndroidManifest.xml:199:13-41
256            android:configChanges="orientation|screenSize|keyboardHidden"
256-->src\main\AndroidManifest.xml:200:13-74
257            android:launchMode="singleTask" />
257-->src\main\AndroidManifest.xml:201:13-44
258        <activity
258-->src\main\AndroidManifest.xml:202:9-205:55
259            android:name="cn.lvdou.vod.ui.lanuch.LanuchActivity"
259-->src\main\AndroidManifest.xml:203:13-53
260            android:launchMode="singleTop"
260-->src\main\AndroidManifest.xml:204:13-43
261            android:screenOrientation="unspecified" />
261-->src\main\AndroidManifest.xml:205:13-52
262        <activity
262-->src\main\AndroidManifest.xml:206:9-209:55
263            android:name="cn.lvdou.vod.ui.game.WebViewActivity"
263-->src\main\AndroidManifest.xml:207:13-52
264            android:launchMode="singleTop"
264-->src\main\AndroidManifest.xml:208:13-43
265            android:screenOrientation="unspecified" />
265-->src\main\AndroidManifest.xml:209:13-52
266        <activity
266-->src\main\AndroidManifest.xml:210:9-213:55
267            android:name="cn.lvdou.vod.ui.specialtopic.TopicDetailActivity"
267-->src\main\AndroidManifest.xml:211:13-64
268            android:launchMode="singleTop"
268-->src\main\AndroidManifest.xml:212:13-43
269            android:screenOrientation="unspecified" />
269-->src\main\AndroidManifest.xml:213:13-52
270        <activity
270-->src\main\AndroidManifest.xml:214:9-225:20
271            android:name="com.tencent.smtt.sdk.VideoActivity"
271-->src\main\AndroidManifest.xml:215:13-62
272            android:alwaysRetainTaskState="true"
272-->src\main\AndroidManifest.xml:216:13-49
273            android:configChanges="orientation|screenSize|keyboardHidden"
273-->src\main\AndroidManifest.xml:217:13-74
274            android:exported="false"
274-->src\main\AndroidManifest.xml:218:13-37
275            android:launchMode="singleTask" >
275-->src\main\AndroidManifest.xml:219:13-44
276            <intent-filter>
276-->src\main\AndroidManifest.xml:220:13-224:29
277                <action android:name="com.tencent.smtt.tbs.video.PLAY" />
277-->src\main\AndroidManifest.xml:221:17-74
277-->src\main\AndroidManifest.xml:221:25-71
278
279                <category android:name="android.intent.category.DEFAULT" />
279-->src\main\AndroidManifest.xml:223:17-76
279-->src\main\AndroidManifest.xml:223:27-73
280            </intent-filter>
281        </activity>
282        <activity
282-->src\main\AndroidManifest.xml:226:9-229:46
283            android:name="cn.lvdou.vod.ui.play.X5WebViewActivity"
283-->src\main\AndroidManifest.xml:227:13-54
284            android:configChanges="orientation|screenSize|keyboardHidden"
284-->src\main\AndroidManifest.xml:228:13-74
285            android:launchMode="singleTop" />
285-->src\main\AndroidManifest.xml:229:13-43
286        <activity
286-->src\main\AndroidManifest.xml:231:9-234:46
287            android:name="cn.lvdou.vod.ui.play.X5WebActivity"
287-->src\main\AndroidManifest.xml:232:13-50
288            android:configChanges="orientation|screenSize|keyboardHidden"
288-->src\main\AndroidManifest.xml:233:13-74
289            android:launchMode="singleTop" />
289-->src\main\AndroidManifest.xml:234:13-43
290        <activity
290-->src\main\AndroidManifest.xml:235:9-245:20
291            android:name="cn.lvdou.vod.ui.start.StartActivity"
291-->src\main\AndroidManifest.xml:236:13-51
292            android:screenOrientation="unspecified"
292-->src\main\AndroidManifest.xml:237:13-52
293            android:theme="@style/AppTheme.Launcher" >
293-->src\main\AndroidManifest.xml:238:13-53
294            <intent-filter>
294-->src\main\AndroidManifest.xml:239:13-244:29
295                <action android:name="android.intent.action.VIEW" />
295-->src\main\AndroidManifest.xml:240:17-69
295-->src\main\AndroidManifest.xml:240:25-66
296                <action android:name="android.intent.action.MAIN" />
296-->src\main\AndroidManifest.xml:241:17-69
296-->src\main\AndroidManifest.xml:241:25-66
297